  Main.cpp
f:\new folder\consoleapplication1 - copy - copy (8)\consoleapplication1\player.h(149): warning C4244: 'argument': conversion from 'float' to 'int', possible loss of data
f:\new folder\consoleapplication1 - copy - copy (8)\consoleapplication1\player.h(149): warning C4244: 'argument': conversion from 'int' to 'float', possible loss of data
f:\new folder\consoleapplication1 - copy - copy (8)\consoleapplication1\player.h(163): warning C4244: 'initializing': conversion from 'float' to 'int', possible loss of data
f:\new folder\consoleapplication1 - copy - copy (8)\consoleapplication1\player.h(164): warning C4244: '=': conversion from 'int' to 'float', possible loss of data
f:\new folder\consoleapplication1 - copy - copy (8)\consoleapplication1\player.h(171): warning C4305: '+=': truncation from 'double' to 'float'
f:\new folder\consoleapplication1 - copy - copy (8)\consoleapplication1\communitychest.h(80): warning C4244: 'argument': conversion from 'time_t' to 'unsigned int', possible loss of data
f:\new folder\consoleapplication1 - copy - copy (8)\consoleapplication1\chance.h(118): warning C4244: 'argument': conversion from 'time_t' to 'unsigned int', possible loss of data
f:\new folder\consoleapplication1 - copy - copy (8)\consoleapplication1\property.h(117): warning C4804: '+=': unsafe use of type 'bool' in operation
f:\new folder\consoleapplication1 - copy - copy (8)\consoleapplication1\monopoly.h(310): warning C4244: 'argument': conversion from 'int' to 'float', possible loss of data
f:\new folder\consoleapplication1 - copy - copy (8)\consoleapplication1\monopoly.h(760): warning C4244: 'argument': conversion from 'int' to 'float', possible loss of data
f:\new folder\consoleapplication1 - copy - copy (8)\consoleapplication1\monopoly.h(761): warning C4244: 'argument': conversion from 'int' to 'float', possible loss of data
f:\new folder\consoleapplication1 - copy - copy (8)\consoleapplication1\monopoly.h(1163): warning C4244: 'argument': conversion from 'int' to 'float', possible loss of data
f:\new folder\consoleapplication1 - copy - copy (8)\consoleapplication1\monopoly.h(1366): warning C4244: 'argument': conversion from 'int' to 'float', possible loss of data
f:\new folder\consoleapplication1 - copy - copy (8)\consoleapplication1\monopoly.h(1384): warning C4244: 'argument': conversion from 'int' to 'float', possible loss of data
f:\new folder\consoleapplication1 - copy - copy (8)\consoleapplication1\monopoly.h(1428): warning C4244: 'argument': conversion from 'int' to 'float', possible loss of data
f:\new folder\consoleapplication1 - copy - copy (8)\consoleapplication1\monopoly.h(1490): warning C4244: 'argument': conversion from 'int' to 'float', possible loss of data
f:\new folder\consoleapplication1 - copy - copy (8)\consoleapplication1\monopoly.h(1515): warning C4244: 'argument': conversion from 'int' to 'float', possible loss of data
f:\new folder\consoleapplication1 - copy - copy (8)\consoleapplication1\monopoly.h(1763): warning C4244: 'argument': conversion from 'int' to 'float', possible loss of data
f:\new folder\consoleapplication1 - copy - copy (8)\consoleapplication1\monopoly.h(1764): warning C4244: 'argument': conversion from 'int' to 'float', possible loss of data
f:\new folder\consoleapplication1 - copy - copy (8)\consoleapplication1\monopoly.h(1765): warning C4244: 'argument': conversion from 'int' to 'float', possible loss of data
f:\new folder\consoleapplication1 - copy - copy (8)\consoleapplication1\monopoly.h(1766): warning C4244: 'argument': conversion from 'int' to 'float', possible loss of data
f:\new folder\consoleapplication1 - copy - copy (8)\consoleapplication1\dice.h(71): warning C4715: 'dice::getDicePicture': not all control paths return a value
f:\new folder\consoleapplication1 - copy - copy (8)\consoleapplication1\player.h(214): warning C4715: 'player::getPicture': not all control paths return a value
f:\new folder\consoleapplication1 - copy - copy (8)\consoleapplication1\communitychest.h(149): warning C4715: 'CommunityChest::getCommunityPic': not all control paths return a value
f:\new folder\consoleapplication1 - copy - copy (8)\consoleapplication1\chance.h(186): warning C4715: 'chance::getChancePic': not all control paths return a value
f:\new folder\consoleapplication1 - copy - copy (8)\consoleapplication1\monopoly.h(241): warning C4172: returning address of local variable or temporary: temp2
f:\new folder\consoleapplication1 - copy - copy (8)\consoleapplication1\monopoly.h(837): warning C4715: 'Monopoly::selectPlayer': not all control paths return a value
f:\new folder\consoleapplication1 - copy - copy (8)\consoleapplication1\monopoly.h(1204): warning C4715: 'Monopoly::drawBuildBox': not all control paths return a value
  ConsoleApplication1.vcxproj -> F:\New folder\ConsoleApplication1 - Copy - Copy (8)\Debug\ConsoleApplication1.exe
